d:\mario\marioproject\marioproject\marioproject\debug\marioproject.pch
d:\mario\marioproject\marioproject\marioproject\debug\vc141.pdb
d:\mario\marioproject\marioproject\marioproject\debug\vc141.idb
d:\mario\marioproject\marioproject\marioproject\debug\stdafx.obj
d:\mario\marioproject\marioproject\marioproject\debug\marioproject.obj
d:\mario\marioproject\marioproject\marioproject\debug\spriteanimation.obj
d:\mario\marioproject\marioproject\marioproject\debug\interfaceanimation.obj
d:\mario\marioproject\marioproject\marioproject\debug\game.obj
d:\mario\marioproject\marioproject\marioproject\debug\dxgraphics.obj
d:\mario\marioproject\marioproject\marioproject\debug\component.obj
d:\mario\marioproject\marioproject\marioproject\debug\animationtoright.obj
d:\mario\marioproject\marioproject\marioproject\debug\animationtoleft.obj
d:\mario\marioproject\marioproject\debug\marioproject.exe
d:\mario\marioproject\marioproject\debug\marioproject.ilk
d:\mario\marioproject\marioproject\debug\marioproject.pdb
d:\mario\marioproject\marioproject\marioproject\debug\marioproject.res
d:\mario\marioproject\marioproject\marioproject\debug\marioproject.tlog\cl.command.1.tlog
d:\mario\marioproject\marioproject\marioproject\debug\marioproject.tlog\cl.read.1.tlog
d:\mario\marioproject\marioproject\marioproject\debug\marioproject.tlog\cl.write.1.tlog
d:\mario\marioproject\marioproject\marioproject\debug\marioproject.tlog\link.command.1.tlog
d:\mario\marioproject\marioproject\marioproject\debug\marioproject.tlog\link.read.1.tlog
d:\mario\marioproject\marioproject\marioproject\debug\marioproject.tlog\link.write.1.tlog
d:\mario\marioproject\marioproject\marioproject\debug\marioproject.tlog\rc.command.1.tlog
d:\mario\marioproject\marioproject\marioproject\debug\marioproject.tlog\rc.read.1.tlog
d:\mario\marioproject\marioproject\marioproject\debug\marioproject.tlog\rc.write.1.tlog
